<?xml version="1.0" encoding="UTF-8"?>
<!-- Generated by org.testng.reporters.JUnitXMLReporter -->
<testsuite ignored="0" hostname="Daniels-MacBook-Pro.local" failures="0" tests="3" name="HandleDataProvider" time="7.57" errors="0" timestamp="2021-01-07T15:15:51 GMT">
  <testcase classname="tests.HandleDataProviders" name="verifyMyntraProductAddToCart" time="0.899"/>
  <testcase classname="tests.HandleDataProviders" name="verifyMyntraProductAddToCart" time="0.577"/>
  <testcase classname="tests.HandleDataProviders" name="verifyMyntraProductAddToCart" time="0.511"/>
</testsuite> <!-- HandleDataProvider -->
