<?xml version="1.0" encoding="UTF-8"?>
<!-- Generated by org.testng.reporters.JUnitXMLReporter -->
<testsuite ignored="0" hostname="Daniels-MacBook-Pro.local" failures="0" tests="3" name="FrameworkLibrary" time="5.473" errors="0" timestamp="2020-12-28T13:41:58 GMT">
  <testcase classname="tests.HandleDataProviders" name="verifyMyntraProductAddToCart" time="0.008"/>
  <testcase classname="tests.HandleDataProviders" name="verifyMyntraProductAddToCart" time="0.001"/>
  <testcase classname="tests.HandleDataProviders" name="verifyMyntraProductAddToCart" time="0.002"/>
</testsuite> <!-- FrameworkLibrary -->
