<?xml version="1.0" encoding="UTF-8"?>
<!-- Generated by org.testng.reporters.JUnitXMLReporter -->
<testsuite ignored="0" hostname="Daniels-MacBook-Pro.local" failures="1" tests="1" name="HandleIFrames" time="7.377" errors="0" timestamp="2020-12-28T15:36:17 GMT">
  <testcase classname="tests.HandleIFrames" name="HandleIFrames" time="0.003">
    <failure type="java.lang.NullPointerException" message="Cannot invoke &amp;quot;org.openqa.selenium.WebDriver.switchTo()&amp;quot; because &amp;quot;this.driver&amp;quot; is null">
      <![CDATA[java.lang.NullPointerException: Cannot invoke "org.openqa.selenium.WebDriver.switchTo()" because "this.driver" is null
at tests.HandleIFrames.HandleIFrames(HandleIFrames.java:23)
at java.base/java.util.ArrayList.forEach(ArrayList.java:1511)
... Removed 27 stack frames]]>
    </failure>
  </testcase> <!-- HandleIFrames -->
</testsuite> <!-- HandleIFrames -->
