<?xml version="1.0" encoding="UTF-8"?>
<!-- Generated by org.testng.reporters.JUnitXMLReporter -->
<testsuite ignored="0" hostname="Daniels-MacBook-Pro.local" failures="0" tests="1" name="HandleWebTable" time="0.013" errors="0" timestamp="2021-01-07T15:40:47 GMT">
  <testcase classname="tests.TestBase" name="@BeforeTest initSuite" time="-1.61003404744E9">
    <skipped/>
  </testcase> <!-- @BeforeTest initSuite -->
  <testcase classname="tests.TestBase" name="@BeforeMethod initTestReport" time="-1.610034047443E9">
    <skipped/>
  </testcase> <!-- @BeforeMethod initTestReport -->
  <testcase classname="tests.TestBase" name="@BeforeMethod launchApp" time="-1.610034047445E9">
    <skipped/>
  </testcase> <!-- @BeforeMethod launchApp -->
  <testcase classname="tests.TestBase" name="@AfterMethod closeReport" time="-1.61003404745E9">
    <skipped/>
  </testcase> <!-- @AfterMethod closeReport -->
  <testcase classname="tests.TestBase" name="@AfterClass cleanUp" time="-1.610034047452E9">
    <skipped/>
  </testcase> <!-- @AfterClass cleanUp -->
  <testcase classname="tests.HandleWebTable" name="HandleWebTable" time="0.0">
    <skipped/>
  </testcase> <!-- HandleWebTable -->
</testsuite> <!-- HandleWebTable -->
