<?xml version="1.0" encoding="UTF-8"?>
<!-- Generated by org.testng.reporters.JUnitXMLReporter -->
<testsuite ignored="6" hostname="Daniels-MacBook-Pro.local" failures="0" tests="4" name="HandleElements" time="20.738" errors="0" timestamp="2021-01-07T15:48:19 GMT">
  <testcase classname="tests.TestBase" name="@BeforeMethod initTestReport" time="0.0">
    <failure type="java.lang.NullPointerException" message="Cannot invoke &amp;quot;core.TestReporter.startReporting(String, org.openqa.selenium.WebDriver)&amp;quot; because &amp;quot;this.reporter&amp;quot; is null">
      <![CDATA[java.lang.NullPointerException: Cannot invoke "core.TestReporter.startReporting(String, org.openqa.selenium.WebDriver)" because "this.reporter" is null
at tests.TestBase.initTestReport(TestBase.java:50)
at java.base/java.util.ArrayList.forEach(ArrayList.java:1511)
... Removed 31 stack frames]]>
    </failure>
  </testcase> <!-- @BeforeMethod initTestReport -->
  <testcase classname="tests.TestBase" name="@BeforeMethod launchApp" time="-1.610034495114E9">
    <skipped/>
  </testcase> <!-- @BeforeMethod launchApp -->
  <testcase classname="tests.TestBase" name="@AfterMethod closeReport" time="-1.610034495125E9">
    <skipped/>
  </testcase> <!-- @AfterMethod closeReport -->
  <testcase classname="tests.TestBase" name="@AfterClass cleanUp" time="-1.610034495126E9">
    <skipped/>
  </testcase> <!-- @AfterClass cleanUp -->
  <testcase classname="tests.TestBase" name="@BeforeMethod initTestReport" time="0.001">
    <failure type="java.lang.NullPointerException" message="Cannot invoke &amp;quot;core.TestReporter.startReporting(String, org.openqa.selenium.WebDriver)&amp;quot; because &amp;quot;this.reporter&amp;quot; is null">
      <![CDATA[java.lang.NullPointerException: Cannot invoke "core.TestReporter.startReporting(String, org.openqa.selenium.WebDriver)" because "this.reporter" is null
at tests.TestBase.initTestReport(TestBase.java:50)
at java.base/java.util.ArrayList.forEach(ArrayList.java:1511)
... Removed 31 stack frames]]>
    </failure>
  </testcase> <!-- @BeforeMethod initTestReport -->
  <testcase classname="tests.TestBase" name="@BeforeMethod launchApp" time="-1.610034496953E9">
    <skipped/>
  </testcase> <!-- @BeforeMethod launchApp -->
  <testcase classname="tests.TestBase" name="@AfterMethod closeReport" time="-1.610034497035E9">
    <skipped/>
  </testcase> <!-- @AfterMethod closeReport -->
  <testcase classname="tests.TestBase" name="@AfterClass cleanUp" time="-1.61003449707E9">
    <skipped/>
  </testcase> <!-- @AfterClass cleanUp -->
  <testcase classname="tests.TestBase" name="@BeforeMethod initTestReport" time="0.0">
    <failure type="java.lang.NullPointerException" message="Cannot invoke &amp;quot;core.TestReporter.startReporting(String, org.openqa.selenium.WebDriver)&amp;quot; because &amp;quot;this.reporter&amp;quot; is null">
      <![CDATA[java.lang.NullPointerException: Cannot invoke "core.TestReporter.startReporting(String, org.openqa.selenium.WebDriver)" because "this.reporter" is null
at tests.TestBase.initTestReport(TestBase.java:50)
at java.base/java.util.ArrayList.forEach(ArrayList.java:1511)
... Removed 31 stack frames]]>
    </failure>
  </testcase> <!-- @BeforeMethod initTestReport -->
  <testcase classname="tests.TestBase" name="@BeforeMethod launchApp" time="-1.610034498995E9">
    <skipped/>
  </testcase> <!-- @BeforeMethod launchApp -->
  <testcase classname="tests.TestBase" name="@AfterMethod closeReport" time="-1.610034499002E9">
    <skipped/>
  </testcase> <!-- @AfterMethod closeReport -->
  <testcase classname="tests.TestBase" name="@AfterClass cleanUp" time="-1.610034499003E9">
    <skipped/>
  </testcase> <!-- @AfterClass cleanUp -->
  <testcase classname="tests.HandleAlerts" name="Dismiss_Confirm" time="8.085"/>
  <testcase classname="tests.HandleIFrames" name="HandleIFrames" time="0.0">
    <skipped/>
  </testcase> <!-- HandleIFrames -->
  <testcase classname="tests.HandleWindows" name="HandleWindows" time="0.0">
    <skipped/>
  </testcase> <!-- HandleWindows -->
  <testcase classname="tests.HandleWebTable" name="HandleWebTable" time="0.0">
    <skipped/>
  </testcase> <!-- HandleWebTable -->
  <testcase classname="tests.TestBase" name="@BeforeSuite initSuite" time="0.0">
    <ignored/>
  </testcase> <!-- @BeforeSuite initSuite -->
  <testcase classname="tests.TestBase" name="@BeforeSuite initSuite" time="0.0">
    <ignored/>
  </testcase> <!-- @BeforeSuite initSuite -->
  <testcase classname="tests.TestBase" name="@BeforeSuite initSuite" time="0.0">
    <ignored/>
  </testcase> <!-- @BeforeSuite initSuite -->
  <testcase classname="tests.TestBase" name="@AfterSuite clearReport" time="0.0">
    <ignored/>
  </testcase> <!-- @AfterSuite clearReport -->
  <testcase classname="tests.TestBase" name="@AfterSuite clearReport" time="0.0">
    <ignored/>
  </testcase> <!-- @AfterSuite clearReport -->
  <testcase classname="tests.TestBase" name="@AfterSuite clearReport" time="0.0">
    <ignored/>
  </testcase> <!-- @AfterSuite clearReport -->
</testsuite> <!-- HandleElements -->
