<?xml version="1.0" encoding="UTF-8"?>
<!-- Generated by org.testng.reporters.JUnitXMLReporter -->
<testsuite ignored="6" hostname="Daniels-MacBook-Pro.local" failures="0" tests="4" name="HandleElements" time="726.952" errors="0" timestamp="2021-01-10T14:24:18 GMT">
  <testcase classname="tests.HandleAlerts" name="Dismiss_Confirm" time="6.515"/>
  <testcase classname="tests.HandleIFrames" name="HandleIFrames" time="33.276"/>
  <testcase classname="tests.HandleWindows" name="HandleWindows" time="10.964"/>
  <testcase classname="tests.HandleWebTable" name="HandleWebTable" time="636.184"/>
  <testcase classname="tests.TestBase" name="@BeforeSuite initSuite" time="0.0">
    <ignored/>
  </testcase> <!-- @BeforeSuite initSuite -->
  <testcase classname="tests.TestBase" name="@BeforeSuite initSuite" time="0.0">
    <ignored/>
  </testcase> <!-- @BeforeSuite initSuite -->
  <testcase classname="tests.TestBase" name="@BeforeSuite initSuite" time="0.0">
    <ignored/>
  </testcase> <!-- @BeforeSuite initSuite -->
  <testcase classname="tests.TestBase" name="@AfterSuite clearReport" time="0.0">
    <ignored/>
  </testcase> <!-- @AfterSuite clearReport -->
  <testcase classname="tests.TestBase" name="@AfterSuite clearReport" time="0.0">
    <ignored/>
  </testcase> <!-- @AfterSuite clearReport -->
  <testcase classname="tests.TestBase" name="@AfterSuite clearReport" time="0.0">
    <ignored/>
  </testcase> <!-- @AfterSuite clearReport -->
</testsuite> <!-- HandleElements -->
