<?xml version="1.0" encoding="UTF-8"?>
<!-- Generated by org.testng.reporters.JUnitXMLReporter -->
<testsuite ignored="0" hostname="Daniels-MacBook-Pro.local" failures="0" tests="1" name="HandleAlerts" time="0.082" errors="0" timestamp="2021-01-07T15:40:47 GMT">
  <testcase classname="tests.TestBase" name="@BeforeSuite initDriver" time="0.014">
    <failure type="java.lang.NullPointerException" message="Cannot invoke &amp;quot;java.util.Properties.containsKey(Object)&amp;quot; because &amp;quot;core.TestConfig.properties&amp;quot; is null">
      <![CDATA[java.lang.NullPointerException: Cannot invoke "java.util.Properties.containsKey(Object)" because "core.TestConfig.properties" is null
at core.TestConfig.getProperty(TestConfig.java:21)
at tests.TestBase.initDriver(TestBase.java:35)
... Removed 19 stack frames]]>
    </failure>
  </testcase> <!-- @BeforeSuite initDriver -->
  <testcase classname="tests.HandleAlerts" name="Dismiss_Confirm" time="0.0">
    <skipped/>
  </testcase> <!-- Dismiss_Confirm -->
</testsuite> <!-- HandleAlerts -->
