<?xml version="1.0" encoding="UTF-8"?>
<!-- Generated by org.testng.reporters.JUnitXMLReporter -->
<testsuite ignored="0" hostname="Daniels-MacBook-Pro.local" failures="0" tests="3" name="ExcelDataTests" time="6.305" errors="0" timestamp="2020-12-21T19:37:04 GMT">
  <testcase classname="tests.Assignment2" name="verifyMyntraProductAddToCart" time="0.011"/>
  <testcase classname="tests.Assignment2" name="verifyMyntraProductAddToCart" time="0.001"/>
  <testcase classname="tests.Assignment2" name="verifyMyntraProductAddToCart" time="0.003"/>
</testsuite> <!-- ExcelDataTests -->
