<?xml version="1.0" encoding="UTF-8"?>
<testng-results ignored="6" total="10" passed="4" failed="0" skipped="0">
  <reporter-output>
  </reporter-output>
  <suite started-at="2021-01-10T14:12:11 GMT" name="FrameworkLibrary" finished-at="2021-01-10T14:24:18 GMT" duration-ms="726952">
    <groups>
    </groups>
    <test started-at="2021-01-10T14:12:11 GMT" name="HandleElements" finished-at="2021-01-10T14:24:18 GMT" duration-ms="726952">
      <class name="tests.HandleAlerts">
        <test-method is-config="true" signature="initSuite(java.lang.String)[pri:0, instance:tests.HandleAlerts@2133814f]" started-at="2021-01-10T14:12:10 GMT" name="initSuite" finished-at="2021-01-10T14:12:11 GMT" duration-ms="541" status="PASS">
          <params>
            <param index="0">
              <value>
                <![CDATA[preprod]]>
              </value>
            </param>
          </params>
          <reporter-output>
          </reporter-output>
        </test-method> <!-- initSuite -->
        <test-method is-config="true" signature="initDriver()[pri:0, instance:tests.HandleAlerts@2133814f]" started-at="2021-01-10T14:12:11 GMT" name="initDriver" finished-at="2021-01-10T14:12:15 GMT" duration-ms="4240" status="PASS">
          <reporter-output>
          </reporter-output>
        </test-method> <!-- initDriver -->
        <test-method is-config="true" signature="initTestReport(java.lang.reflect.Method)[pri:0, instance:tests.HandleAlerts@2133814f]" started-at="2021-01-10T14:12:15 GMT" name="initTestReport" finished-at="2021-01-10T14:12:15 GMT" duration-ms="13" status="PASS">
          <params>
            <param index="0">
              <value>
                <![CDATA[public void tests.HandleAlerts.Dismiss_Confirm() throws java.lang.Exception]]>
              </value>
            </param>
          </params>
          <reporter-output>
          </reporter-output>
        </test-method> <!-- initTestReport -->
        <test-method is-config="true" signature="launchApp()[pri:0, instance:tests.HandleAlerts@2133814f]" started-at="2021-01-10T14:12:15 GMT" name="launchApp" finished-at="2021-01-10T14:12:20 GMT" duration-ms="4469" status="PASS">
          <reporter-output>
          </reporter-output>
        </test-method> <!-- launchApp -->
        <test-method signature="Dismiss_Confirm()[pri:0, instance:tests.HandleAlerts@2133814f]" started-at="2021-01-10T14:12:20 GMT" name="Dismiss_Confirm" finished-at="2021-01-10T14:12:26 GMT" duration-ms="6515" status="PASS">
          <reporter-output>
          </reporter-output>
        </test-method> <!-- Dismiss_Confirm -->
        <test-method is-config="true" signature="closeReport()[pri:0, instance:tests.HandleAlerts@2133814f]" started-at="2021-01-10T14:12:26 GMT" name="closeReport" finished-at="2021-01-10T14:12:26 GMT" duration-ms="5" status="PASS">
          <reporter-output>
          </reporter-output>
        </test-method> <!-- closeReport -->
        <test-method is-config="true" signature="cleanUp()[pri:0, instance:tests.HandleAlerts@2133814f]" started-at="2021-01-10T14:12:26 GMT" name="cleanUp" finished-at="2021-01-10T14:12:26 GMT" duration-ms="176" status="PASS">
          <reporter-output>
          </reporter-output>
        </test-method> <!-- cleanUp -->
        <test-method is-config="true" signature="clearReport()[pri:0, instance:tests.HandleAlerts@2133814f]" started-at="2021-01-10T14:24:18 GMT" name="clearReport" finished-at="2021-01-10T14:24:19 GMT" duration-ms="629" status="PASS">
          <reporter-output>
          </reporter-output>
        </test-method> <!-- clearReport -->
      </class> <!-- tests.HandleAlerts -->
      <class name="tests.HandleWebTable">
        <test-method is-config="true" signature="initDriver()[pri:0, instance:tests.HandleWebTable@23f7d05d]" started-at="2021-01-10T14:13:28 GMT" name="initDriver" finished-at="2021-01-10T14:13:31 GMT" duration-ms="3028" status="PASS">
          <reporter-output>
          </reporter-output>
        </test-method> <!-- initDriver -->
        <test-method is-config="true" signature="initTestReport(java.lang.reflect.Method)[pri:0, instance:tests.HandleWebTable@23f7d05d]" started-at="2021-01-10T14:13:31 GMT" name="initTestReport" finished-at="2021-01-10T14:13:31 GMT" duration-ms="1" status="PASS">
          <params>
            <param index="0">
              <value>
                <![CDATA[public void tests.HandleWebTable.HandleWebTable() throws java.lang.Exception]]>
              </value>
            </param>
          </params>
          <reporter-output>
          </reporter-output>
        </test-method> <!-- initTestReport -->
        <test-method is-config="true" signature="launchApp()[pri:0, instance:tests.HandleWebTable@23f7d05d]" started-at="2021-01-10T14:13:31 GMT" name="launchApp" finished-at="2021-01-10T14:13:41 GMT" duration-ms="10023" status="PASS">
          <reporter-output>
          </reporter-output>
        </test-method> <!-- launchApp -->
        <test-method signature="HandleWebTable()[pri:0, instance:tests.HandleWebTable@23f7d05d]" started-at="2021-01-10T14:13:41 GMT" name="HandleWebTable" finished-at="2021-01-10T14:24:17 GMT" duration-ms="636184" status="PASS">
          <reporter-output>
          </reporter-output>
        </test-method> <!-- HandleWebTable -->
        <test-method is-config="true" signature="closeReport()[pri:0, instance:tests.HandleWebTable@23f7d05d]" started-at="2021-01-10T14:24:17 GMT" name="closeReport" finished-at="2021-01-10T14:24:17 GMT" duration-ms="1" status="PASS">
          <reporter-output>
          </reporter-output>
        </test-method> <!-- closeReport -->
        <test-method is-config="true" signature="cleanUp()[pri:0, instance:tests.HandleWebTable@23f7d05d]" started-at="2021-01-10T14:24:17 GMT" name="cleanUp" finished-at="2021-01-10T14:24:18 GMT" duration-ms="268" status="PASS">
          <reporter-output>
          </reporter-output>
        </test-method> <!-- cleanUp -->
      </class> <!-- tests.HandleWebTable -->
      <class name="tests.HandleIFrames">
        <test-method is-config="true" signature="initDriver()[pri:0, instance:tests.HandleIFrames@4c15e7fd]" started-at="2021-01-10T14:12:26 GMT" name="initDriver" finished-at="2021-01-10T14:12:28 GMT" duration-ms="2238" status="PASS">
          <reporter-output>
          </reporter-output>
        </test-method> <!-- initDriver -->
        <test-method is-config="true" signature="launchApp()[pri:0, instance:tests.HandleIFrames@4c15e7fd]" started-at="2021-01-10T14:12:28 GMT" name="launchApp" finished-at="2021-01-10T14:12:32 GMT" duration-ms="3677" status="PASS">
          <reporter-output>
          </reporter-output>
        </test-method> <!-- launchApp -->
        <test-method is-config="true" signature="initTestReport(java.lang.reflect.Method)[pri:0, instance:tests.HandleIFrames@4c15e7fd]" started-at="2021-01-10T14:12:28 GMT" name="initTestReport" finished-at="2021-01-10T14:12:28 GMT" duration-ms="0" status="PASS">
          <params>
            <param index="0">
              <value>
                <![CDATA[public void tests.HandleIFrames.HandleIFrames() throws java.lang.Exception]]>
              </value>
            </param>
          </params>
          <reporter-output>
          </reporter-output>
        </test-method> <!-- initTestReport -->
        <test-method signature="HandleIFrames()[pri:0, instance:tests.HandleIFrames@4c15e7fd]" started-at="2021-01-10T14:12:32 GMT" name="HandleIFrames" finished-at="2021-01-10T14:13:05 GMT" duration-ms="33276" status="PASS">
          <reporter-output>
          </reporter-output>
        </test-method> <!-- HandleIFrames -->
        <test-method is-config="true" signature="cleanUp()[pri:0, instance:tests.HandleIFrames@4c15e7fd]" started-at="2021-01-10T14:13:05 GMT" name="cleanUp" finished-at="2021-01-10T14:13:06 GMT" duration-ms="463" status="PASS">
          <reporter-output>
          </reporter-output>
        </test-method> <!-- cleanUp -->
        <test-method is-config="true" signature="closeReport()[pri:0, instance:tests.HandleIFrames@4c15e7fd]" started-at="2021-01-10T14:13:05 GMT" name="closeReport" finished-at="2021-01-10T14:13:05 GMT" duration-ms="0" status="PASS">
          <reporter-output>
          </reporter-output>
        </test-method> <!-- closeReport -->
      </class> <!-- tests.HandleIFrames -->
      <class name="tests.HandleWindows">
        <test-method is-config="true" signature="initDriver()[pri:0, instance:tests.HandleWindows@23986957]" started-at="2021-01-10T14:13:06 GMT" name="initDriver" finished-at="2021-01-10T14:13:10 GMT" duration-ms="4274" status="PASS">
          <reporter-output>
          </reporter-output>
        </test-method> <!-- initDriver -->
        <test-method is-config="true" signature="launchApp()[pri:0, instance:tests.HandleWindows@23986957]" started-at="2021-01-10T14:13:10 GMT" name="launchApp" finished-at="2021-01-10T14:13:17 GMT" duration-ms="6570" status="PASS">
          <reporter-output>
          </reporter-output>
        </test-method> <!-- launchApp -->
        <test-method is-config="true" signature="initTestReport(java.lang.reflect.Method)[pri:0, instance:tests.HandleWindows@23986957]" started-at="2021-01-10T14:13:10 GMT" name="initTestReport" finished-at="2021-01-10T14:13:10 GMT" duration-ms="0" status="PASS">
          <params>
            <param index="0">
              <value>
                <![CDATA[public void tests.HandleWindows.HandleWindows() throws java.lang.Exception]]>
              </value>
            </param>
          </params>
          <reporter-output>
          </reporter-output>
        </test-method> <!-- initTestReport -->
        <test-method signature="HandleWindows()[pri:0, instance:tests.HandleWindows@23986957]" started-at="2021-01-10T14:13:17 GMT" name="HandleWindows" finished-at="2021-01-10T14:13:28 GMT" duration-ms="10964" status="PASS">
          <reporter-output>
          </reporter-output>
        </test-method> <!-- HandleWindows -->
        <test-method is-config="true" signature="closeReport()[pri:0, instance:tests.HandleWindows@23986957]" started-at="2021-01-10T14:13:28 GMT" name="closeReport" finished-at="2021-01-10T14:13:28 GMT" duration-ms="1" status="PASS">
          <reporter-output>
          </reporter-output>
        </test-method> <!-- closeReport -->
        <test-method is-config="true" signature="cleanUp()[pri:0, instance:tests.HandleWindows@23986957]" started-at="2021-01-10T14:13:28 GMT" name="cleanUp" finished-at="2021-01-10T14:13:28 GMT" duration-ms="424" status="PASS">
          <reporter-output>
          </reporter-output>
        </test-method> <!-- cleanUp -->
      </class> <!-- tests.HandleWindows -->
    </test> <!-- HandleElements -->
  </suite> <!-- FrameworkLibrary -->
</testng-results>
